<?xml version="1.0" encoding="utf-8"?><testsuite errors="0" failures="0" name="pytest" skips="0" tests="39" time="3.739"><testcase classname="apps.blog.test_models.BlogTests" file="apps/blog/test_models.py" line="39" name="test_custom_slug" time="1.9402718544"/><testcase classname="apps.blog.test_models.BlogTests" file="apps/blog/test_models.py" line="45" name="test_custom_slug_create_duplicate" time="0.0246403217316"><system-out>
:: Model blog.models.Post (None)
id: None
created_at: 2015-11-06 10:27:42.187682
updated_at: 2015-11-06 10:27:42.189277
date_ago: 0 mins ago.
title: A Post with a Custom Slug
slug: a-post-with-a-custom-slug
content: 2
content_markup: &lt;html&gt;&lt;head&gt;&lt;/head&gt;&lt;body&gt;&lt;p&gt;2&lt;/p&gt;
&lt;/body&gt;&lt;/html&gt;
published: False
author: 2
</system-out></testcase><testcase classname="apps.blog.test_models.BlogTests" file="apps/blog/test_models.py" line="51" name="test_live_posts" time="0.0229549407959"/><testcase classname="apps.blog.test_models.BlogTests" file="apps/blog/test_models.py" line="26" name="test_model_creation" time="0.0176548957825"/><testcase classname="apps.blog.test_models.BlogTests" file="apps/blog/test_models.py" line="34" name="test_model_url" time="0.0136530399323"/><testcase classname="apps.blog.test_models.BlogTests" file="apps/blog/test_models.py" line="59" name="test_posts_by_user" time="0.0398027896881"/><testcase classname="apps.blog.test_models.BlogTests" file="apps/blog/test_models.py" line="83" name="test_posts_by_year" time="0.0858445167542"/><testcase classname="apps.blog.test_models.BlogTests" file="apps/blog/test_models.py" line="71" name="test_posts_live_by_user" time="0.038950920105"/><testcase classname="apps.blog.test_models.BlogTests" file="apps/blog/test_models.py" line="99" name="test_posts_live_by_year" time="0.0941021442413"/><testcase classname="apps.blog.test_views.TestPostList" file="apps/blog/test_views.py" line="78" name="test_create_post_fail_permissions_user" time="0.0236749649048"/><testcase classname="apps.blog.test_views.TestPostList" file="apps/blog/test_views.py" line="48" name="test_create_post_pass_permissions_staff" time="0.0479969978333"/><testcase classname="apps.blog.test_views.TestPostList" file="apps/blog/test_views.py" line="33" name="test_create_post_pass_permissions_superadmin" time="0.0364148616791"/><testcase classname="apps.blog.test_views.TestPostList" file="apps/blog/test_views.py" line="63" name="test_create_post_pass_permissions_superadmin_not_staff" time="0.111342191696"/><testcase classname="apps.blog.test_views.TestPostList" file="apps/blog/test_views.py" line="124" name="test_get_all_posts_staff" time="0.0639290809631"><system-err>#x1B[0m2015-11-06 10:27:42,797 #x1B[32m INFO   #x1B[0m test_logger #x1B[32m project#x1B[0m permissions.py:34  :has_permission                 #x1B[32m     GET#x1B[0m
</system-err></testcase><testcase classname="apps.blog.test_views.TestPostList" file="apps/blog/test_views.py" line="113" name="test_get_all_posts_superadmin" time="0.0608201026917"><system-err>#x1B[0m2015-11-06 10:27:42,865 #x1B[32m INFO   #x1B[0m test_logger #x1B[32m project#x1B[0m permissions.py:34  :has_permission                 #x1B[32m     GET#x1B[0m
</system-err></testcase><testcase classname="apps.blog.test_views.TestPostList" file="apps/blog/test_views.py" line="92" name="test_get_published_posts_anonymous_user" time="0.0592069625854"><system-err>#x1B[0m2015-11-06 10:27:42,927 #x1B[32m INFO   #x1B[0m test_logger #x1B[32m project#x1B[0m permissions.py:34  :has_permission                 #x1B[32m     GET#x1B[0m
#x1B[0m2015-11-06 10:27:42,928 #x1B[33m WARNING#x1B[0m project_logger #x1B[33m    blog#x1B[0m views.py:63  :get_queryset                   #x1B[33mlive only#x1B[0m
</system-err></testcase><testcase classname="apps.blog.test_views.TestPostList" file="apps/blog/test_views.py" line="102" name="test_get_published_posts_normal_authenticated_user" time="0.0611979961395"><system-err>#x1B[0m2015-11-06 10:27:42,990 #x1B[32m INFO   #x1B[0m test_logger #x1B[32m project#x1B[0m permissions.py:34  :has_permission                 #x1B[32m     GET#x1B[0m
#x1B[0m2015-11-06 10:27:42,990 #x1B[33m WARNING#x1B[0m project_logger #x1B[33m    blog#x1B[0m views.py:63  :get_queryset                   #x1B[33mlive only#x1B[0m
</system-err></testcase><testcase classname="apps.blog.test_views.TestPostListByYear" file="apps/blog/test_views.py" line="167" name="test_get_published_posts_by_year" time="0.0409009456635"><system-err>#x1B[0m2015-11-06 10:27:43,034 #x1B[32m INFO   #x1B[0m test_logger #x1B[32m project#x1B[0m permissions.py:34  :has_permission                 #x1B[32m     GET#x1B[0m
</system-err></testcase><testcase classname="apps.blog.test_views.TestPostListByYear" file="apps/blog/test_views.py" line="147" name="test_post_posts_forbidden_normal_user" time="0.0499446392059"/><testcase classname="apps.blog.test_views.TestPostListByYear" file="apps/blog/test_views.py" line="158" name="test_put_posts_forbidden" time="0.0433068275452"/><testcase classname="apps.blog.test_views.TestPostListByUser" file="apps/blog/test_views.py" line="225" name="test_get_posts_by_user" time="0.0466449260712"><system-err>#x1B[0m2015-11-06 10:27:43,176 #x1B[32m INFO   #x1B[0m test_logger #x1B[32m    blog#x1B[0m test_views.py:231 :test_get_posts_by_user         #x1B[32m/blog/user/70/#x1B[0m
#x1B[0m2015-11-06 10:27:43,178 #x1B[32m INFO   #x1B[0m test_logger #x1B[32m project#x1B[0m permissions.py:34  :has_permission                 #x1B[32m     GET#x1B[0m
</system-err></testcase><testcase classname="apps.blog.test_views.TestPostListByUser" file="apps/blog/test_views.py" line="215" name="test_get_posts_live_by_user_staff" time="0.0475640296936"><system-err>#x1B[0m2015-11-06 10:27:43,225 #x1B[32m INFO   #x1B[0m test_logger #x1B[32m project#x1B[0m permissions.py:34  :has_permission                 #x1B[32m     GET#x1B[0m
</system-err></testcase><testcase classname="apps.blog.test_views.TestPostListByUser" file="apps/blog/test_views.py" line="185" name="test_patch_posts_method_not_allowed" time="0.0404489040375"/><testcase classname="apps.blog.test_views.TestPostListByUser" file="apps/blog/test_views.py" line="195" name="test_post_posts_method_not_allowed" time="0.0406241416931"/><testcase classname="apps.blog.test_views.TestPostListByUser" file="apps/blog/test_views.py" line="205" name="test_put_posts_method_not_allowed" time="0.0425810813904"/><testcase classname="apps.blog.test_views.TestPostDetail" file="apps/blog/test_views.py" line="325" name="test_delete_fail_post_user" time="0.0160961151123"/><testcase classname="apps.blog.test_views.TestPostDetail" file="apps/blog/test_views.py" line="334" name="test_delete_post_staff" time="0.0170342922211"/><testcase classname="apps.blog.test_views.TestPostDetail" file="apps/blog/test_views.py" line="343" name="test_delete_post_superadmin" time="0.018275976181"/><testcase classname="apps.blog.test_views.TestPostDetail" file="apps/blog/test_views.py" line="362" name="test_get_post_404_for_non_published_anonymous_user" time="0.0166659355164"><system-err>#x1B[0m2015-11-06 10:27:43,436 #x1B[32m INFO   #x1B[0m test_logger #x1B[32m project#x1B[0m permissions.py:34  :has_permission                 #x1B[32m     GET#x1B[0m
#x1B[0m2015-11-06 10:27:43,436 #x1B[33m WARNING#x1B[0m project_logger #x1B[33m    blog#x1B[0m views.py:63  :get_queryset                   #x1B[33mlive only#x1B[0m
</system-err></testcase><testcase classname="apps.blog.test_views.TestPostDetail" file="apps/blog/test_views.py" line="352" name="test_get_post_anonymous_user" time="0.0266568660736"><system-err>#x1B[0m2015-11-06 10:27:43,458 #x1B[32m INFO   #x1B[0m test_logger #x1B[32m project#x1B[0m permissions.py:34  :has_permission                 #x1B[32m     GET#x1B[0m
#x1B[0m2015-11-06 10:27:43,458 #x1B[33m WARNING#x1B[0m project_logger #x1B[33m    blog#x1B[0m views.py:63  :get_queryset                   #x1B[33mlive only#x1B[0m
</system-err></testcase><testcase classname="apps.blog.test_views.TestPostDetail" file="apps/blog/test_views.py" line="373" name="test_get_post_not_published_staff" time="0.0218341350555"><system-err>#x1B[0m2015-11-06 10:27:43,484 #x1B[32m INFO   #x1B[0m test_logger #x1B[32m project#x1B[0m permissions.py:34  :has_permission                 #x1B[32m     GET#x1B[0m
</system-err></testcase><testcase classname="apps.blog.test_views.TestPostDetail" file="apps/blog/test_views.py" line="384" name="test_get_post_not_published_superadmin" time="0.0232970714569"><system-err>#x1B[0m2015-11-06 10:27:43,508 #x1B[32m INFO   #x1B[0m test_logger #x1B[32m project#x1B[0m permissions.py:34  :has_permission                 #x1B[32m     GET#x1B[0m
</system-err></testcase><testcase classname="apps.blog.test_views.TestPostDetail" file="apps/blog/test_views.py" line="245" name="test_patch_fail_post_user" time="0.0197200775146"/><testcase classname="apps.blog.test_views.TestPostDetail" file="apps/blog/test_views.py" line="255" name="test_patch_post_staff" time="0.0312430858612"><system-err>#x1B[0m2015-11-06 10:27:43,555 #x1B[32m INFO   #x1B[0m test_logger #x1B[32m    blog#x1B[0m test_views.py:260 :test_patch_post_staff          #x1B[32m      72#x1B[0m
</system-err></testcase><testcase classname="apps.blog.test_views.TestPostDetail" file="apps/blog/test_views.py" line="267" name="test_patch_post_superadmin" time="0.0338649749756"/><testcase classname="apps.blog.test_views.TestPostDetail" file="apps/blog/test_views.py" line="302" name="test_put_fail_not_published_post_user" time="0.0231120586395"><system-err>#x1B[0m2015-11-06 10:27:43,624 #x1B[32m INFO   #x1B[0m test_logger #x1B[32m    blog#x1B[0m test_views.py:309 :test_put_fail_not_published_post_user #x1B[32mfdsfdsfd#x1B[0m
</system-err></testcase><testcase classname="apps.blog.test_views.TestPostDetail" file="apps/blog/test_views.py" line="314" name="test_put_fail_published_post_user" time="0.0223262310028"/><testcase classname="apps.blog.test_views.TestPostDetail" file="apps/blog/test_views.py" line="290" name="test_put_post_staff" time="0.0363669395447"/><testcase classname="apps.blog.test_views.TestPostDetail" file="apps/blog/test_views.py" line="278" name="test_put_post_superadmin" time="0.0343780517578"/></testsuite>