<?xml version="1.0" encoding="utf-8"?><testsuite errors="0" failures="0" name="pytest" skips="0" tests="39" time="3.794"><testcase classname="apps.blog.test_models.BlogTests" file="apps/blog/test_models.py" line="39" name="test_custom_slug" time="1.8742787838"/><testcase classname="apps.blog.test_models.BlogTests" file="apps/blog/test_models.py" line="45" name="test_custom_slug_create_duplicate" time="0.0271327495575"><system-out>
:: Model blog.models.Post (None)
id: None
created_at: 2015-11-06 10:31:13.582581
updated_at: 2015-11-06 10:31:13.584877
date_ago: 0 mins ago.
title: A Post with a Custom Slug
slug: a-post-with-a-custom-slug
content: 2
content_markup: &lt;html&gt;&lt;head&gt;&lt;/head&gt;&lt;body&gt;&lt;p&gt;2&lt;/p&gt;
&lt;/body&gt;&lt;/html&gt;
published: False
author: 2
</system-out></testcase><testcase classname="apps.blog.test_models.BlogTests" file="apps/blog/test_models.py" line="51" name="test_live_posts" time="0.0274269580841"/><testcase classname="apps.blog.test_models.BlogTests" file="apps/blog/test_models.py" line="26" name="test_model_creation" time="0.0193181037903"/><testcase classname="apps.blog.test_models.BlogTests" file="apps/blog/test_models.py" line="34" name="test_model_url" time="0.0157930850983"/><testcase classname="apps.blog.test_models.BlogTests" file="apps/blog/test_models.py" line="59" name="test_posts_by_user" time="0.0415937900543"/><testcase classname="apps.blog.test_models.BlogTests" file="apps/blog/test_models.py" line="83" name="test_posts_by_year" time="0.100747823715"/><testcase classname="apps.blog.test_models.BlogTests" file="apps/blog/test_models.py" line="71" name="test_posts_live_by_user" time="0.0531530380249"/><testcase classname="apps.blog.test_models.BlogTests" file="apps/blog/test_models.py" line="99" name="test_posts_live_by_year" time="0.104356765747"/><testcase classname="apps.blog.test_views.TestPostList" file="apps/blog/test_views.py" line="78" name="test_create_post_fail_permissions_user" time="0.0318186283112"/><testcase classname="apps.blog.test_views.TestPostList" file="apps/blog/test_views.py" line="48" name="test_create_post_pass_permissions_staff" time="0.0435609817505"/><testcase classname="apps.blog.test_views.TestPostList" file="apps/blog/test_views.py" line="33" name="test_create_post_pass_permissions_superadmin" time="0.0411570072174"/><testcase classname="apps.blog.test_views.TestPostList" file="apps/blog/test_views.py" line="63" name="test_create_post_pass_permissions_superadmin_not_staff" time="0.113759756088"/><testcase classname="apps.blog.test_views.TestPostList" file="apps/blog/test_views.py" line="124" name="test_get_all_posts_staff" time="0.0620331764221"><system-err>#x1B[0m2015-11-06 10:31:14,259 #x1B[32m INFO   #x1B[0m test_logger #x1B[32m project#x1B[0m permissions.py:34  :has_permission                 #x1B[32m     GET#x1B[0m
</system-err></testcase><testcase classname="apps.blog.test_views.TestPostList" file="apps/blog/test_views.py" line="113" name="test_get_all_posts_superadmin" time="0.0639612674713"><system-err>#x1B[0m2015-11-06 10:31:14,325 #x1B[32m INFO   #x1B[0m test_logger #x1B[32m project#x1B[0m permissions.py:34  :has_permission                 #x1B[32m     GET#x1B[0m
</system-err></testcase><testcase classname="apps.blog.test_views.TestPostList" file="apps/blog/test_views.py" line="92" name="test_get_published_posts_anonymous_user" time="0.0630190372467"><system-err>#x1B[0m2015-11-06 10:31:14,390 #x1B[32m INFO   #x1B[0m test_logger #x1B[32m project#x1B[0m permissions.py:34  :has_permission                 #x1B[32m     GET#x1B[0m
#x1B[0m2015-11-06 10:31:14,391 #x1B[33m WARNING#x1B[0m project_logger #x1B[33m    blog#x1B[0m views.py:63  :get_queryset                   #x1B[33mlive only#x1B[0m
</system-err></testcase><testcase classname="apps.blog.test_views.TestPostList" file="apps/blog/test_views.py" line="102" name="test_get_published_posts_normal_authenticated_user" time="0.0645203590393"><system-err>#x1B[0m2015-11-06 10:31:14,456 #x1B[32m INFO   #x1B[0m test_logger #x1B[32m project#x1B[0m permissions.py:34  :has_permission                 #x1B[32m     GET#x1B[0m
#x1B[0m2015-11-06 10:31:14,457 #x1B[33m WARNING#x1B[0m project_logger #x1B[33m    blog#x1B[0m views.py:63  :get_queryset                   #x1B[33mlive only#x1B[0m
</system-err></testcase><testcase classname="apps.blog.test_views.TestPostListByYear" file="apps/blog/test_views.py" line="167" name="test_get_published_posts_by_year" time="0.0461649894714"><system-err>#x1B[0m2015-11-06 10:31:14,505 #x1B[32m INFO   #x1B[0m test_logger #x1B[32m project#x1B[0m permissions.py:34  :has_permission                 #x1B[32m     GET#x1B[0m
</system-err></testcase><testcase classname="apps.blog.test_views.TestPostListByYear" file="apps/blog/test_views.py" line="147" name="test_post_posts_forbidden_normal_user" time="0.0439040660858"/><testcase classname="apps.blog.test_views.TestPostListByYear" file="apps/blog/test_views.py" line="158" name="test_put_posts_forbidden" time="0.046088218689"/><testcase classname="apps.blog.test_views.TestPostListByUser" file="apps/blog/test_views.py" line="225" name="test_get_posts_by_user" time="0.0471451282501"><system-err>#x1B[0m2015-11-06 10:31:14,646 #x1B[32m INFO   #x1B[0m test_logger #x1B[32m    blog#x1B[0m test_views.py:231 :test_get_posts_by_user         #x1B[32m/blog/user/70/#x1B[0m
#x1B[0m2015-11-06 10:31:14,648 #x1B[32m INFO   #x1B[0m test_logger #x1B[32m project#x1B[0m permissions.py:34  :has_permission                 #x1B[32m     GET#x1B[0m
</system-err></testcase><testcase classname="apps.blog.test_views.TestPostListByUser" file="apps/blog/test_views.py" line="215" name="test_get_posts_live_by_user_staff" time="0.0437622070312"><system-err>#x1B[0m2015-11-06 10:31:14,693 #x1B[32m INFO   #x1B[0m test_logger #x1B[32m project#x1B[0m permissions.py:34  :has_permission                 #x1B[32m     GET#x1B[0m
</system-err></testcase><testcase classname="apps.blog.test_views.TestPostListByUser" file="apps/blog/test_views.py" line="185" name="test_patch_posts_method_not_allowed" time="0.0464367866516"/><testcase classname="apps.blog.test_views.TestPostListByUser" file="apps/blog/test_views.py" line="195" name="test_post_posts_method_not_allowed" time="0.0425539016724"/><testcase classname="apps.blog.test_views.TestPostListByUser" file="apps/blog/test_views.py" line="205" name="test_put_posts_method_not_allowed" time="0.0432913303375"/><testcase classname="apps.blog.test_views.TestPostDetail" file="apps/blog/test_views.py" line="325" name="test_delete_fail_post_user" time="0.0363540649414"/><testcase classname="apps.blog.test_views.TestPostDetail" file="apps/blog/test_views.py" line="334" name="test_delete_post_staff" time="0.0217931270599"/><testcase classname="apps.blog.test_views.TestPostDetail" file="apps/blog/test_views.py" line="343" name="test_delete_post_superadmin" time="0.0182571411133"/><testcase classname="apps.blog.test_views.TestPostDetail" file="apps/blog/test_views.py" line="362" name="test_get_post_404_for_non_published_anonymous_user" time="0.0184350013733"><system-err>#x1B[0m2015-11-06 10:31:14,940 #x1B[32m INFO   #x1B[0m test_logger #x1B[32m project#x1B[0m permissions.py:34  :has_permission                 #x1B[32m     GET#x1B[0m
#x1B[0m2015-11-06 10:31:14,940 #x1B[33m WARNING#x1B[0m project_logger #x1B[33m    blog#x1B[0m views.py:63  :get_queryset                   #x1B[33mlive only#x1B[0m
</system-err></testcase><testcase classname="apps.blog.test_views.TestPostDetail" file="apps/blog/test_views.py" line="352" name="test_get_post_anonymous_user" time="0.0288550853729"><system-err>#x1B[0m2015-11-06 10:31:14,966 #x1B[32m INFO   #x1B[0m test_logger #x1B[32m project#x1B[0m permissions.py:34  :has_permission                 #x1B[32m     GET#x1B[0m
#x1B[0m2015-11-06 10:31:14,967 #x1B[33m WARNING#x1B[0m project_logger #x1B[33m    blog#x1B[0m views.py:63  :get_queryset                   #x1B[33mlive only#x1B[0m
</system-err></testcase><testcase classname="apps.blog.test_views.TestPostDetail" file="apps/blog/test_views.py" line="373" name="test_get_post_not_published_staff" time="0.0243830680847"><system-err>#x1B[0m2015-11-06 10:31:14,991 #x1B[32m INFO   #x1B[0m test_logger #x1B[32m project#x1B[0m permissions.py:34  :has_permission                 #x1B[32m     GET#x1B[0m
</system-err></testcase><testcase classname="apps.blog.test_views.TestPostDetail" file="apps/blog/test_views.py" line="384" name="test_get_post_not_published_superadmin" time="0.0234298706055"><system-err>#x1B[0m2015-11-06 10:31:15,018 #x1B[32m INFO   #x1B[0m test_logger #x1B[32m project#x1B[0m permissions.py:34  :has_permission                 #x1B[32m     GET#x1B[0m
</system-err></testcase><testcase classname="apps.blog.test_views.TestPostDetail" file="apps/blog/test_views.py" line="245" name="test_patch_fail_post_user" time="0.0225870609283"/><testcase classname="apps.blog.test_views.TestPostDetail" file="apps/blog/test_views.py" line="255" name="test_patch_post_staff" time="0.0327360630035"><system-err>#x1B[0m2015-11-06 10:31:15,068 #x1B[32m INFO   #x1B[0m test_logger #x1B[32m    blog#x1B[0m test_views.py:260 :test_patch_post_staff          #x1B[32m      72#x1B[0m
</system-err></testcase><testcase classname="apps.blog.test_views.TestPostDetail" file="apps/blog/test_views.py" line="267" name="test_patch_post_superadmin" time="0.0385589599609"/><testcase classname="apps.blog.test_views.TestPostDetail" file="apps/blog/test_views.py" line="302" name="test_put_fail_not_published_post_user" time="0.0248713493347"><system-err>#x1B[0m2015-11-06 10:31:15,143 #x1B[32m INFO   #x1B[0m test_logger #x1B[32m    blog#x1B[0m test_views.py:309 :test_put_fail_not_published_post_user #x1B[32mfdsfdsfd#x1B[0m
</system-err></testcase><testcase classname="apps.blog.test_views.TestPostDetail" file="apps/blog/test_views.py" line="314" name="test_put_fail_published_post_user" time="0.0239682197571"/><testcase classname="apps.blog.test_views.TestPostDetail" file="apps/blog/test_views.py" line="290" name="test_put_post_staff" time="0.0400030612946"/><testcase classname="apps.blog.test_views.TestPostDetail" file="apps/blog/test_views.py" line="278" name="test_put_post_superadmin" time="0.0360431671143"/></testsuite>